2025-11-13 18:07:26 | Initializing tank red envelope game.
2025-11-13 18:07:26 | Engine seeded with value 3829462014.
2025-11-13 18:07:26 | Resolved HTTP port 8080.
2025-11-13 18:07:26 | Starting web server event loop.
2025-11-13 18:07:26 | Web server listening on port 8080.
2025-11-13 18:07:36 | Request: GET /
2025-11-13 18:07:36 | Request: GET /static/duck.png
2025-11-13 18:07:36 | Request: GET /static/duck2.jpg
2025-11-13 18:07:38 | Request: POST /reset
2025-11-13 18:07:38 | Reset request completed and engine reseeded.
2025-11-13 18:07:38 | Request: GET /state
2025-11-13 18:07:38 | Request: GET /static/tank.jpg
2025-11-13 18:07:39 | Request: GET /state
2025-11-13 18:07:40 | Request: GET /state
2025-11-13 18:07:40 | Request: GET /state
2025-11-13 18:07:40 | Request: GET /state
2025-11-13 18:07:41 | Request: GET /state
2025-11-13 18:07:41 | Request: GET /state
2025-11-13 18:07:41 | Request: GET /state
2025-11-13 18:07:42 | Request: GET /state
2025-11-13 18:07:43 | Request: GET /state
2025-11-13 18:07:43 | Request: GET /state
2025-11-13 18:07:44 | Request: GET /state
2025-11-13 18:07:44 | Request: GET /state
2025-11-13 18:07:44 | Request: GET /state
2025-11-13 18:07:45 | Request: POST /move
2025-11-13 18:07:45 | Move request, body='direction=left', moved=true, timeUp=false.
2025-11-13 18:07:45 | Request: GET /state
2025-11-13 18:07:45 | Request: POST /move
2025-11-13 18:07:45 | Move request, body='direction=up', moved=true, timeUp=false.
2025-11-13 18:07:45 | Request: GET /state
2025-11-13 18:07:45 | Request: POST /move
2025-11-13 18:07:45 | Move request, body='direction=right', moved=true, timeUp=false.
2025-11-13 18:07:45 | Request: GET /state
2025-11-13 18:07:45 | Request: POST /move
2025-11-13 18:07:45 | Move request, body='direction=left', moved=true, timeUp=false.
2025-11-13 18:07:46 | Request: POST /move
2025-11-13 18:07:46 | Move request, body='direction=up', moved=true, timeUp=false.
2025-11-13 18:07:46 | Request: GET /state
2025-11-13 18:07:46 | Request: POST /move
2025-11-13 18:07:46 | Move request, body='direction=right', moved=true, timeUp=false.
2025-11-13 18:07:46 | Request: GET /state
2025-11-13 18:07:46 | Request: POST /move
2025-11-13 18:07:46 | Move request, body='direction=up', moved=true, timeUp=false.
2025-11-13 18:07:46 | Request: POST /move
2025-11-13 18:07:46 | Move request, body='direction=left', moved=true, timeUp=false.
2025-11-13 18:07:46 | Request: GET /state
2025-11-13 18:07:46 | Request: POST /move
2025-11-13 18:07:46 | Move request, body='direction=right', moved=true, timeUp=false.
2025-11-13 18:07:46 | Request: GET /state
2025-11-13 18:07:46 | Request: POST /move
2025-11-13 18:07:46 | Move request, body='direction=up', moved=true, timeUp=false.
2025-11-13 18:07:46 | Request: POST /move
2025-11-13 18:07:46 | Move request, body='direction=left', moved=true, timeUp=false.
2025-11-13 18:07:47 | Request: GET /state
2025-11-13 18:07:47 | Request: GET /state
2025-11-13 18:07:47 | Request: GET /state
2025-11-13 18:07:47 | Request: GET /state
2025-11-13 18:07:47 | Request: GET /state
